\BOOKMARK [1][-]{section.1}{\376\377\000G\000i\036\333\000i\000\040\000t\000h\000i\036\307\000u}{}% 1
\BOOKMARK [1][-]{section.2}{\376\377\000P\000h\001\260\001\241\000n\000g\000\040\000p\000h\000\341\000p\000\040\000m\000\341\000y\000\040\000v\000e\000c\000t\000o\000r\000\040\000h\036\327\000\040\000t\000r\036\343\000\040\000-\000\040\000S\000V\000M}{}% 2
\BOOKMARK [2][-]{subsection.2.1}{\376\377\000G\000i\036\333\000i\000\040\000t\000h\000i\036\307\000u}{section.2}% 3
\BOOKMARK [3][-]{subsubsection.2.1.1}{\376\377\000K\000h\000o\036\243\000n\000g\000\040\000c\000\341\000c\000h\000\040\000t\036\353\000\040\000m\036\331\000t\000\040\001\021\000i\036\303\000m\000\040\000t\036\333\000i\000\040\000m\036\331\000t\000\040\000s\000i\000\352\000u\000\040\000m\036\267\000t\000\040\000p\000h\036\263\000n\000g}{subsection.2.1}% 4
\BOOKMARK [3][-]{subsubsection.2.1.2}{\376\377\000N\000h\036\257\000c\000\040\000l\036\241\000i\000\040\000b\000\340\000i\000\040\000t\000o\000\341\000n\000\040\000p\000h\000\342\000n\000\040\000c\000h\000i\000a\000\040\000h\000a\000i\000\040\000c\000l\000a\000s\000s\000e\000s}{subsection.2.1}% 5
\BOOKMARK [2][-]{subsection.2.2}{\376\377\000S\000V\000M\000\040\000t\000u\000y\036\277\000n\000\040\000t\000\355\000n\000h}{section.2}% 6
\BOOKMARK [3][-]{subsubsection.2.2.1}{\376\377\000S\000V\000M\000\040\000t\000r\000o\000n\000g\000\040\000t\000r\001\260\036\335\000n\000g\000\040\000h\036\343\000p\000\040\000t\036\255\000p\000\040\000m\036\253\000u\000\040\000c\000\363\000\040\000t\000h\036\303\000\040\000p\000h\000\342\000n\000\040\000c\000\341\000c\000h\000\040\000t\000u\000y\036\277\000n\000\040\000t\000\355\000n\000h}{subsection.2.2}% 7
\BOOKMARK [3][-]{subsubsection.2.2.2}{\376\377\000S\000V\000M\000\040\000t\000r\000o\000n\000g\000\040\000t\000r\001\260\036\335\000n\000g\000\040\000h\036\343\000p\000\040\000t\036\255\000p\000\040\000m\036\253\000u\000\040\000k\000h\000\364\000n\000g\000\040\000t\000h\036\303\000\040\000p\000h\000\342\000n\000\040\000c\000\341\000c\000h\000\040\000t\000u\000y\036\277\000n\000\040\000t\000\355\000n\000h}{subsection.2.2}% 8
\BOOKMARK [3][-]{subsubsection.2.2.3}{\376\377\000S\000V\000M\000\040\000c\000h\000o\000\040\000v\036\245\000n\000\040\001\021\036\301\000\040\000n\000h\036\255\000n\000\040\000d\036\241\000n\000g\000\040\001\021\000a\000\040\000l\036\333\000p}{subsection.2.2}% 9
\BOOKMARK [1][-]{section.3}{\376\377\000H\036\307\000\040\000t\000h\036\321\000n\000g\000\040\000n\000h\036\255\000n\000\040\000d\036\241\000n\000g}{}% 10
\BOOKMARK [2][-]{subsection.3.1}{\376\377\000S\001\241\000\040\001\021\036\323\000\040\000k\000h\036\321\000i\000\040\000h\036\307\000\040\000t\000h\036\321\000n\000g\000\040\000n\000h\036\255\000n\000\040\000d\036\241\000n\000g}{section.3}% 11
\BOOKMARK [3][-]{subsubsection.3.1.1}{\376\377\000T\000h\000u\000\040\000t\000h\036\255\000p\000\040\000d\036\357\000\040\000l\000i\036\307\000u}{subsection.3.1}% 12
\BOOKMARK [3][-]{subsubsection.3.1.2}{\376\377\000T\000i\036\301\000n\000\040\000x\036\355\000\040\000l\000\375\000\040\036\243\000n\000h}{subsection.3.1}% 13
\BOOKMARK [3][-]{subsubsection.3.1.3}{\376\377\000B\000i\036\303\000u\000\040\000d\000i\036\305\000n\000,\000\040\000t\000r\000\355\000c\000h\000\040\000c\000h\036\315\000n\000\040\001\021\036\267\000c\000\040\000t\000r\001\260\000n\000g}{subsection.3.1}% 14
\BOOKMARK [3][-]{subsubsection.3.1.4}{\376\377\000H\036\315\000c\000\040\000p\000h\000\342\000n\000\040\000l\036\333\000p}{subsection.3.1}% 15
\BOOKMARK [3][-]{subsubsection.3.1.5}{\376\377\000Q\000u\000y\036\277\000t\000\040\001\021\036\313\000n\000h\000\040\000n\000h\036\255\000n\000\040\000d\036\241\000n\000g\000,\000\040\000p\000h\000\342\000n\000\040\000l\036\333\000p}{subsection.3.1}% 16
\BOOKMARK [2][-]{subsection.3.2}{\376\377\000V\000a\000i\000\040\000t\000r\000\362\000\040\000c\036\347\000a\000\040\000S\000V\000M\000\040\000t\000r\000o\000n\000g\000\040\000h\036\307\000\040\000t\000h\036\321\000n\000g\000\040\000n\000h\036\255\000n\000\040\000d\036\241\000n\000g}{section.3}% 17
\BOOKMARK [1][-]{section.4}{\376\377\000H\036\307\000\040\000t\000h\036\321\000n\000g\000\040\000n\000h\036\255\000n\000\040\000d\036\241\000n\000g\000\040\000k\000h\000u\000\364\000n\000\040\000m\036\267\000t\000\040\000s\036\355\000\040\000d\036\345\000n\000g\000\040\000S\000V\000M}{}% 18
\BOOKMARK [2][-]{subsection.4.1}{\376\377\000Q\000u\000\341\000\040\000t\000r\000\354\000n\000h\000\040\000h\000u\036\245\000n\000\040\000l\000u\000y\036\307\000n}{section.4}% 19
\BOOKMARK [2][-]{subsection.4.2}{\376\377\000Q\000u\000y\036\277\000t\000\040\001\021\036\313\000n\000h\000\040\000n\000h\036\255\000n\000\040\000d\036\241\000n\000g}{section.4}% 20
\BOOKMARK [1][-]{section.5}{\376\377\000C\000\340\000i\000\040\001\021\036\267\000t\000\040\000t\000h\036\355\000\040\000n\000g\000h\000i\036\307\000m}{}% 21
\BOOKMARK [2][-]{subsection.5.1}{\376\377\000M\000\364\000i\000\040\000t\000r\001\260\036\335\000n\000g\000\040\000c\000\340\000i\000\040\001\021\036\267\000t}{section.5}% 22
\BOOKMARK [2][-]{subsection.5.2}{\376\377\000X\000\342\000y\000\040\000d\036\361\000n\000g\000\040\000c\000h\001\260\001\241\000n\000g\000\040\000t\000r\000\354\000n\000h}{section.5}% 23
\BOOKMARK [3][-]{subsubsection.5.2.1}{\376\377\000Q\000u\000\341\000\040\000t\000r\000\354\000n\000h\000\040\000h\000u\036\245\000n\000\040\000l\000u\000y\036\307\000n}{subsection.5.2}% 24
\BOOKMARK [3][-]{subsubsection.5.2.2}{\376\377\000Q\000u\000y\036\277\000t\000\040\001\021\036\313\000n\000h\000\040\000n\000h\036\255\000n\000\040\000d\036\241\000n\000g}{subsection.5.2}% 25
\BOOKMARK [3][-]{subsubsection.5.2.3}{\376\377\000K\000i\036\303\000m\000\040\000t\000h\036\355\000\040\000c\000h\036\245\000t\000\040\000l\001\260\036\343\000n\000g\000\040\000p\000h\000\342\000n\000\040\000l\036\333\000p}{subsection.5.2}% 26
\BOOKMARK [2][-]{subsection.5.3}{\376\377\000C\000h\001\260\001\241\000n\000g\000\040\000t\000r\000\354\000n\000h\000\040\036\351\000n\000g\000\040\000d\036\345\000n\000g\000\040\000d\000\340\000n\000h\000\040\000c\000h\000o\000\040\000n\000g\001\260\036\335\000i\000\040\000d\000\371\000n\000g}{section.5}% 27
\BOOKMARK [1][-]{section.6}{\376\377\001\020\000\341\000n\000h\000\040\000g\000i\000\341\000\040\036\243\000n\000h\000\040\000h\001\260\036\337\000n\000g\000\040\000S\000V\000M\000\040\001\021\036\277\000n\000\040\000h\036\307\000\040\000t\000h\036\321\000n\000g\000\040\000n\000h\036\255\000n\000\040\000d\036\241\000n\000g\000\040\000k\000h\000u\000\364\000n\000\040\000m\036\267\000t}{}% 28
\BOOKMARK [2][-]{subsection.6.1}{\376\377\000K\036\277\000t\000\040\000q\000u\036\243\000\040\000t\000h\036\355\000\040\000n\000g\000h\000i\036\307\000m}{section.6}% 29
\BOOKMARK [2][-]{subsection.6.2}{\376\377\000P\000h\000\342\000n\000\040\000t\000\355\000c\000h\000\040\036\243\000n\000h\000\040\000h\001\260\036\337\000n\000g\000\040\000S\000V\000M\000\040\001\021\036\277\000n\000\040\000c\000h\036\245\000t\000\040\000l\001\260\036\343\000n\000g\000\040\000h\036\307\000\040\000t\000h\036\321\000n\000g\000\040\000n\000h\036\255\000n\000\040\000d\036\241\000n\000g\000\040\000k\000h\000u\000\364\000n\000\040\000m\036\267\000t}{section.6}% 30
\BOOKMARK [1][-]{section.7}{\376\377\000K\036\277\000t\000\040\000l\000u\036\255\000n}{}% 31
\BOOKMARK [1][-]{section.8}{\376\377\000T\000\340\000i\000\040\000l\000i\036\307\000u\000\040\000t\000h\000a\000m\000\040\000k\000h\036\243\000o}{}% 32
